<?xml version="1.0" encoding="UTF-8"?>
<!-- Generated by org.testng.reporters.JUnitReportReporter -->
<testsuite hostname="DESKTOP-U7NCNIN" failures="0" tests="2" name="Tests.LoginTest" time="2.331" errors="0" timestamp="2022-08-09T14:03:14 EET" skipped="0">
  <testcase classname="Tests.LoginTest" name="openLoginPage" time="2.275"/>
  <system-out/>
  <testcase classname="Tests.LoginTest" name="LogResult" time="0.056"/>
  <system-out/>
</testsuite> <!-- Tests.LoginTest -->
