<?xml version="1.0" encoding="UTF-8"?>
<!-- Generated by org.testng.reporters.JUnitReportReporter -->
<testsuite hostname="DESKTOP-U7NCNIN" failures="0" tests="1" name="Tests.RegTestPropFile" time="5.432" errors="0" timestamp="2022-07-27T11:09:57 EET" skipped="0">
  <testcase classname="Tests.RegTestPropFile" name="UserRegTest" time="5.432"/>
  <system-out/>
</testsuite> <!-- Tests.RegTestPropFile -->
