<?xml version="1.0" encoding="UTF-8"?>
<!-- Generated by org.testng.reporters.JUnitReportReporter -->
<testsuite hostname="DESKTOP-U7NCNIN" failures="0" tests="2" name="Tests.RegTestDataPov" time="8.860" errors="0" timestamp="2022-07-27T16:45:49 EET" skipped="0">
  <testcase classname="Tests.RegTestDataPov" name="UserRegTest" time="4.576"/>
  <system-out/>
  <testcase classname="Tests.RegTestDataPov" name="UserRegTest" time="4.284"/>
  <system-out/>
</testsuite> <!-- Tests.RegTestDataPov -->
