<?xml version="1.0" encoding="UTF-8"?>
<!-- Generated by org.testng.reporters.JUnitReportReporter -->
<testsuite hostname="DESKTOP-U7NCNIN" failures="0" tests="2" name="Tests.RegTest" time="3.386" errors="0" timestamp="2022-07-27T22:01:21 EET" skipped="0">
  <testcase classname="Tests.RegTest" name="UserRegTest" time="3.267"/>
  <system-out/>
  <testcase classname="Tests.RegTest" name="Result" time="0.119"/>
  <system-out/>
</testsuite> <!-- Tests.RegTest -->
