<?xml version="1.0" encoding="UTF-8"?>
<!-- Generated by org.testng.reporters.JUnitReportReporter -->
<testsuite hostname="DESKTOP-U7NCNIN" failures="0" tests="1" name="Tests.HoverTest" time="0.000" errors="0" timestamp="2022-07-26T20:00:58 EET" skipped="1">
  <testcase classname="Tests.HoverTest" name="userCanHover" time="0.000">
    <skipped/>
  </testcase> <!-- userCanHover -->
  <system-out/>
</testsuite> <!-- Tests.HoverTest -->
