<?xml version="1.0" encoding="UTF-8"?>
<!-- Generated by org.testng.reporters.JUnitReportReporter -->
<testsuite hostname="DESKTOP-U7NCNIN" failures="0" tests="1" name="mypackage.TestRunner" time="0.064" errors="0" timestamp="2022-08-09T21:16:31 EET" skipped="0">
  <testcase classname="mypackage.TestRunner" name="runScenario" time="0.064"/>
  <system-out/>
</testsuite> <!-- mypackage.TestRunner -->
