<?xml version="1.0" encoding="UTF-8"?>
<!-- Generated by org.testng.reporters.JUnitReportReporter -->
<testsuite hostname="DESKTOP-U7NCNIN" failures="0" tests="2" name="Tests.RegTest" time="2.322" errors="0" timestamp="2022-07-26T18:12:26 EET" skipped="0">
  <testcase classname="Tests.RegTest" name="UserRegTest" time="2.283"/>
  <system-out/>
  <testcase classname="Tests.RegTest" name="Result" time="0.039"/>
  <system-out/>
</testsuite> <!-- Tests.RegTest -->
